# JRE version: OpenJDK Runtime Environment OpenLogic-OpenJDK (11.0.20+8) (build 11.0.20+8-adhoc..jdk11u)
# Java VM: OpenJDK 64-Bit Server VM OpenLogic-OpenJDK (11.0.20+8-adhoc..jdk11u, mixed mode, tiered, compressed oops, g1 gc, windows-amd64)
Heap:
 garbage-first heap   total 129024K, used 72462K [0x0000000083200000, 0x0000000100000000)
  region size 1024K, 9 young (9216K), 3 survivors (3072K)
 Metaspace       used 119007K, capacity 125421K, committed 125908K, reserved 1155072K
  class space    used 16349K, capacity 19439K, committed 19788K, reserved 1048576K
GC Heap History (20 events):
Event: 189.601 GC heap before
{Heap before GC invocations=35 (full 0):
 garbage-first heap   total 129024K, used 111452K [0x0000000083200000, 0x0000000100000000)
  region size 1024K, 55 young (56320K), 6 survivors (6144K)
 Metaspace       used 118474K, capacity 124824K, committed 125396K, reserved 1155072K
  class space    used 16349K, capacity 19439K, committed 19788K, reserved 1048576K
}
Event: 189.641 GC heap after
{Heap after GC invocations=36 (full 0):
 garbage-first heap   total 129024K, used 62195K [0x0000000083200000, 0x0000000100000000)
  region size 1024K, 3 young (3072K), 3 survivors (3072K)
 Metaspace       used 118474K, capacity 124824K, committed 125396K, reserved 1155072K
  class space    used 16349K, capacity 19439K, committed 19788K, reserved 1048576K
}
Event: 190.987 GC heap before
{Heap before GC invocations=36 (full 0):
 garbage-first heap   total 129024K, used 74483K [0x0000000083200000, 0x0000000100000000)
  region size 1024K, 17 young (17408K), 3 survivors (3072K)
 Metaspace       used 118488K, capacity 124828K, committed 125396K, reserved 1155072K
  class space    used 16349K, capacity 19439K, committed 19788K, reserved 1048576K
}
Event: 190.994 GC heap after
{Heap after GC invocations=37 (full 0):
 garbage-first heap   total 129024K, used 62693K [0x0000000083200000, 0x0000000100000000)
  region size 1024K, 4 young (4096K), 4 survivors (4096K)
 Metaspace       used 118488K, capacity 124828K, committed 125396K, reserved 1155072K
  class space    used 16349K, capacity 19439K, committed 19788K, reserved 1048576K
}
Event: 196.683 GC heap before
{Heap before GC invocations=38 (full 0):
 garbage-first heap   total 129024K, used 100581K [0x0000000083200000, 0x0000000100000000)
  region size 1024K, 37 young (37888K), 4 survivors (4096K)
 Metaspace       used 118581K, capacity 124976K, committed 125652K, reserved 1155072K
  class space    used 16349K, capacity 19439K, committed 19788K, reserved 1048576K
}
Event: 196.691 GC heap after
{Heap after GC invocations=39 (full 0):
 garbage-first heap   total 129024K, used 67095K [0x0000000083200000, 0x0000000100000000)
  region size 1024K, 3 young (3072K), 3 survivors (3072K)
 Metaspace       used 118581K, capacity 124976K, committed 125652K, reserved 1155072K
  class space    used 16349K, capacity 19439K, committed 19788K, reserved 1048576K
}
Event: 202.331 GC heap before
{Heap before GC invocations=39 (full 0):
 garbage-first heap   total 129024K, used 98839K [0x0000000083200000, 0x0000000100000000)
  region size 1024K, 35 young (35840K), 3 survivors (3072K)
 Metaspace       used 118830K, capacity 125229K, committed 125652K, reserved 1155072K
  class space    used 16349K, capacity 19439K, committed 19788K, reserved 1048576K
}
Event: 202.342 GC heap after
{Heap after GC invocations=40 (full 0):
 garbage-first heap   total 129024K, used 67650K [0x0000000083200000, 0x0000000100000000)
  region size 1024K, 3 young (3072K), 3 survivors (3072K)
 Metaspace       used 118830K, capacity 125229K, committed 125652K, reserved 1155072K
  class space    used 16349K, capacity 19439K, committed 19788K, reserved 1048576K
}
Event: 207.156 GC heap before
{Heap before GC invocations=41 (full 0):
 garbage-first heap   total 129024K, used 100418K [0x0000000083200000, 0x0000000100000000)
  region size 1024K, 36 young (36864K), 3 survivors (3072K)
 Metaspace       used 118875K, capacity 125311K, committed 125908K, reserved 1155072K
  class space    used 16349K, capacity 19439K, committed 19788K, reserved 1048576K
}
Event: 207.163 GC heap after
{Heap after GC invocations=42 (full 0):
 garbage-first heap   total 129024K, used 67659K [0x0000000083200000, 0x0000000100000000)
  region size 1024K, 3 young (3072K), 3 survivors (3072K)
 Metaspace       used 118875K, capacity 125311K, committed 125908K, reserved 1155072K
  class space    used 16349K, capacity 19439K, committed 19788K, reserved 1048576K
}
Event: 212.108 GC heap before
{Heap before GC invocations=42 (full 0):
 garbage-first heap   total 129024K, used 101451K [0x0000000083200000, 0x0000000100000000)
  region size 1024K, 37 young (37888K), 3 survivors (3072K)
 Metaspace       used 118908K, capacity 125318K, committed 125908K, reserved 1155072K
  class space    used 16349K, capacity 19439K, committed 19788K, reserved 1048576K
}
Event: 212.115 GC heap after
{Heap after GC invocations=43 (full 0):
 garbage-first heap   total 129024K, used 67782K [0x0000000083200000, 0x0000000100000000)
  region size 1024K, 3 young (3072K), 3 survivors (3072K)
 Metaspace       used 118908K, capacity 125318K, committed 125908K, reserved 1155072K
  class space    used 16349K, capacity 19439K, committed 19788K, reserved 1048576K
}
Event: 216.280 GC heap before
{Heap before GC invocations=44 (full 0):
 garbage-first heap   total 129024K, used 102598K [0x0000000083200000, 0x0000000100000000)
  region size 1024K, 38 young (38912K), 3 survivors (3072K)
 Metaspace       used 118950K, capacity 125330K, committed 125908K, reserved 1155072K
  class space    used 16349K, capacity 19439K, committed 19788K, reserved 1048576K
}
Event: 216.287 GC heap after
{Heap after GC invocations=45 (full 0):
 garbage-first heap   total 129024K, used 68080K [0x0000000083200000, 0x0000000100000000)
  region size 1024K, 3 young (3072K), 3 survivors (3072K)
 Metaspace       used 118950K, capacity 125330K, committed 125908K, reserved 1155072K
  class space    used 16349K, capacity 19439K, committed 19788K, reserved 1048576K
}
Event: 219.200 GC heap before
{Heap before GC invocations=45 (full 0):
 garbage-first heap   total 129024K, used 102896K [0x0000000083200000, 0x0000000100000000)
  region size 1024K, 38 young (38912K), 3 survivors (3072K)
 Metaspace       used 118961K, capacity 125395K, committed 125908K, reserved 1155072K
  class space    used 16349K, capacity 19439K, committed 19788K, reserved 1048576K
}
Event: 219.208 GC heap after
{Heap after GC invocations=46 (full 0):
 garbage-first heap   total 129024K, used 68370K [0x0000000083200000, 0x0000000100000000)
  region size 1024K, 3 young (3072K), 3 survivors (3072K)
 Metaspace       used 118961K, capacity 125395K, committed 125908K, reserved 1155072K
  class space    used 16349K, capacity 19439K, committed 19788K, reserved 1048576K
}
Event: 224.078 GC heap before
{Heap before GC invocations=47 (full 0):
 garbage-first heap   total 129024K, used 104210K [0x0000000083200000, 0x0000000100000000)
  region size 1024K, 39 young (39936K), 3 survivors (3072K)
 Metaspace       used 119002K, capacity 125420K, committed 125908K, reserved 1155072K
  class space    used 16349K, capacity 19439K, committed 19788K, reserved 1048576K
}
Event: 224.087 GC heap after
{Heap after GC invocations=48 (full 0):
 garbage-first heap   total 129024K, used 67736K [0x0000000083200000, 0x0000000100000000)
  region size 1024K, 2 young (2048K), 2 survivors (2048K)
 Metaspace       used 119002K, capacity 125420K, committed 125908K, reserved 1155072K
  class space    used 16349K, capacity 19439K, committed 19788K, reserved 1048576K
}
Event: 228.259 GC heap before
{Heap before GC invocations=48 (full 0):
 garbage-first heap   total 129024K, used 103576K [0x0000000083200000, 0x0000000100000000)
  region size 1024K, 38 young (38912K), 2 survivors (2048K)
 Metaspace       used 119007K, capacity 125421K, committed 125908K, reserved 1155072K
  class space    used 16349K, capacity 19439K, committed 19788K, reserved 1048576K
}
Event: 228.265 GC heap after
{Heap after GC invocations=49 (full 0):
 garbage-first heap   total 129024K, used 68366K [0x0000000083200000, 0x0000000100000000)
  region size 1024K, 3 young (3072K), 3 survivors (3072K)
 Metaspace       used 119007K, capacity 125421K, committed 125908K, reserved 1155072K
  class space    used 16349K, capacity 19439K, committed 19788K, reserved 1048576K
}

